Arguments: 
  /Users/marcojuliani/.nvm/versions/node/v14.20.1/bin/node /usr/local/bin/yarn add @vite/plugin-react --dev

PATH: 
  /Users/marcojuliani/Library/pnpm:/Users/marcojuliani/google-cloud-sdk/bin:/Users/marcojuliani/.gvm/bin:/Users/marcojuliani/.nvm/versions/node/v14.20.1/bin:/opt/homebrew/bin:/opt/homebrew/sbin:/usr/local/bin:/usr/bin:/bin:/usr/sbin:/sbin:/usr/local/go/bin:/Users/marcojuliani/Library/pnpm:/Users/marcojuliani/google-cloud-sdk/bin:/Users/marcojuliani/.gvm/bin:/Users/marcojuliani/.nvm/versions/node/v14.20.1/bin:/opt/homebrew/bin:/opt/homebrew/sbin:/Users/marcojuliani/go/bin:/Users/marcojuliani/go/bin:/bin

Yarn version: 
  1.22.19

Node version: 
  14.20.1

Platform: 
  darwin x64

Trace: 
  Error: https://registry.yarnpkg.com/@vite%2fplugin-react: Not found
      at Request.params.callback [as _callback] (/usr/local/lib/node_modules/yarn/lib/cli.js:66145:18)
      at Request.self.callback (/usr/local/lib/node_modules/yarn/lib/cli.js:140890:22)
      at Request.emit (events.js:400:28)
      at Request.<anonymous> (/usr/local/lib/node_modules/yarn/lib/cli.js:141862:10)
      at Request.emit (events.js:400:28)
      at IncomingMessage.<anonymous> (/usr/local/lib/node_modules/yarn/lib/cli.js:141784:12)
      at Object.onceWrapper (events.js:519:28)
      at IncomingMessage.emit (events.js:412:35)
      at endReadableNT (internal/streams/readable.js:1333:12)
      at processTicksAndRejections (internal/process/task_queues.js:82:21)

npm manifest: 
  {
    "name": "fluid-plan-r3f",
    "version": "1.0.0",
    "description": "A react-three-fiber app for quickly configuring floor plans.",
    "keywords": [
      "react",
      "typescript",
      "three",
      "threejs",
      "three.js",
      "react-three-fiber"
    ],
    "main": "index.tsx",
    "scripts": {
      "test": "echo \"Error: no test specified\" && exit 1"
    },
    "author": "Marco Juliani",
    "license": "ISC",
    "dependencies": {
      "@react-three/drei": "^9.57.2",
      "@react-three/fiber": "8.9",
      "react": "^18.2.0",
      "react-dom": "^18.2.0",
      "react-postprocessing": "^1.4.0",
      "three": "^0.150.1"
    },
    "devDependencies": {
      "@types/react": "^18.0.28",
      "@types/react-dom": "^18.0.11",
      "typescript": "^4.9.5"
    }
  }

yarn manifest: 
  No manifest

Lockfile: 
  # THIS IS AN AUTOGENERATED FILE. DO NOT EDIT THIS FILE DIRECTLY.
  # yarn lockfile v1
  
  
  "@babel/runtime@^7.11.2", "@babel/runtime@^7.16.7", "@babel/runtime@^7.17.8":
    version "7.21.0"
    resolved "https://registry.yarnpkg.com/@babel/runtime/-/runtime-7.21.0.tgz#5b55c9d394e5fcf304909a8b00c07dc217b56673"
    integrity sha512-xwII0//EObnq89Ji5AKYQaRYiW/nZ3llSv29d49IuxPhKbtJoLP+9QUUZ4nVragQVtaVGeZrpB+ZtG/Pdy/POw==
    dependencies:
      regenerator-runtime "^0.13.11"
  
  "@chevrotain/cst-dts-gen@10.5.0":
    version "10.5.0"
    resolved "https://registry.yarnpkg.com/@chevrotain/cst-dts-gen/-/cst-dts-gen-10.5.0.tgz#922ebd8cc59d97241bb01b1b17561a5c1ae0124e"
    integrity sha512-lhmC/FyqQ2o7pGK4Om+hzuDrm9rhFYIJ/AXoQBeongmn870Xeb0L6oGEiuR8nohFNL5sMaQEJWCxr1oIVIVXrw==
    dependencies:
      "@chevrotain/gast" "10.5.0"
      "@chevrotain/types" "10.5.0"
      lodash "4.17.21"
  
  "@chevrotain/gast@10.5.0":
    version "10.5.0"
    resolved "https://registry.yarnpkg.com/@chevrotain/gast/-/gast-10.5.0.tgz#e4e614bc46d17a8892742f38e56cd33f1f3ad162"
    integrity sha512-pXdMJ9XeDAbgOWKuD1Fldz4ieCs6+nLNmyVhe2gZVqoO7v8HXuHYs5OV2EzUtbuai37TlOAQHrTDvxMnvMJz3A==
    dependencies:
      "@chevrotain/types" "10.5.0"
      lodash "4.17.21"
  
  "@chevrotain/types@10.5.0":
    version "10.5.0"
    resolved "https://registry.yarnpkg.com/@chevrotain/types/-/types-10.5.0.tgz#52a97d74a8cfbc197f054636d93ecd8912d33d21"
    integrity sha512-f1MAia0x/pAVPWH/T73BJVyO2XU5tI4/iE7cnxb7tqdNTNhQI3Uq3XkqcoteTmD4t1aM0LbHCJOhgIDn07kl2A==
  
  "@chevrotain/utils@10.5.0":
    version "10.5.0"
    resolved "https://registry.yarnpkg.com/@chevrotain/utils/-/utils-10.5.0.tgz#0ee36f65b49b447fbac71b9e5af5c5c6c98ac057"
    integrity sha512-hBzuU5+JjB2cqNZyszkDHZgOSrUUT8V3dhgRl8Q9Gp6dAj/H5+KILGjbhDpc3Iy9qmqlm/akuOI2ut9VUtzJxQ==
  
  "@react-spring/animated@~9.6.1":
    version "9.6.1"
    resolved "https://registry.yarnpkg.com/@react-spring/animated/-/animated-9.6.1.tgz#ccc626d847cbe346f5f8815d0928183c647eb425"
    integrity sha512-ls/rJBrAqiAYozjLo5EPPLLOb1LM0lNVQcXODTC1SMtS6DbuBCPaKco5svFUQFMP2dso3O+qcC4k9FsKc0KxMQ==
    dependencies:
      "@react-spring/shared" "~9.6.1"
      "@react-spring/types" "~9.6.1"
  
  "@react-spring/core@~9.6.1":
    version "9.6.1"
    resolved "https://registry.yarnpkg.com/@react-spring/core/-/core-9.6.1.tgz#ebe07c20682b360b06af116ea24e2b609e778c10"
    integrity sha512-3HAAinAyCPessyQNNXe5W0OHzRfa8Yo5P748paPcmMowZ/4sMfaZ2ZB6e5x5khQI8NusOHj8nquoutd6FRY5WQ==
    dependencies:
      "@react-spring/animated" "~9.6.1"
      "@react-spring/rafz" "~9.6.1"
      "@react-spring/shared" "~9.6.1"
      "@react-spring/types" "~9.6.1"
  
  "@react-spring/rafz@~9.6.1":
    version "9.6.1"
    resolved "https://registry.yarnpkg.com/@react-spring/rafz/-/rafz-9.6.1.tgz#d71aafb92b78b24e4ff84639f52745afc285c38d"
    integrity sha512-v6qbgNRpztJFFfSE3e2W1Uz+g8KnIBs6SmzCzcVVF61GdGfGOuBrbjIcp+nUz301awVmREKi4eMQb2Ab2gGgyQ==
  
  "@react-spring/shared@~9.6.1":
    version "9.6.1"
    resolved "https://registry.yarnpkg.com/@react-spring/shared/-/shared-9.6.1.tgz#4e2e4296910656c02bd9fd54c559702bc836ac4e"
    integrity sha512-PBFBXabxFEuF8enNLkVqMC9h5uLRBo6GQhRMQT/nRTnemVENimgRd+0ZT4yFnAQ0AxWNiJfX3qux+bW2LbG6Bw==
    dependencies:
      "@react-spring/rafz" "~9.6.1"
      "@react-spring/types" "~9.6.1"
  
  "@react-spring/three@~9.6.1":
    version "9.6.1"
    resolved "https://registry.yarnpkg.com/@react-spring/three/-/three-9.6.1.tgz#095fcd1dc6509127c33c14486d88289b89baeb9d"
    integrity sha512-Tyw2YhZPKJAX3t2FcqvpLRb71CyTe1GvT3V+i+xJzfALgpk10uPGdGaQQ5Xrzmok1340DAeg2pR/MCfaW7b8AA==
    dependencies:
      "@react-spring/animated" "~9.6.1"
      "@react-spring/core" "~9.6.1"
      "@react-spring/shared" "~9.6.1"
      "@react-spring/types" "~9.6.1"
  
  "@react-spring/types@~9.6.1":
    version "9.6.1"
    resolved "https://registry.yarnpkg.com/@react-spring/types/-/types-9.6.1.tgz#913d3a68c5cbc1124fdb18eff919432f7b6abdde"
    integrity sha512-POu8Mk0hIU3lRXB3bGIGe4VHIwwDsQyoD1F394OK7STTiX9w4dG3cTLljjYswkQN+hDSHRrj4O36kuVa7KPU8Q==
  
  "@react-three/drei@^9.57.2":
    version "9.57.2"
    resolved "https://registry.yarnpkg.com/@react-three/drei/-/drei-9.57.2.tgz#050225a212f463538f3de139df88afce836b5fe0"
    integrity sha512-wkbpMruvjGj5dA0QEA7cuIm3O1NvcfZHkYtZTAicKnZ83OF4w97inE+epp5/j7juVlUFU7AQBHEYmNGiHKCKOQ==
    dependencies:
      "@babel/runtime" "^7.11.2"
      "@react-spring/three" "~9.6.1"
      "@use-gesture/react" "^10.2.24"
      camera-controls "^2.3.1"
      detect-gpu "^5.0.14"
      glsl-noise "^0.0.0"
      lodash.clamp "^4.0.3"
      lodash.omit "^4.5.0"
      lodash.pick "^4.4.0"
      maath "^0.5.2"
      meshline "^3.1.6"
      react-composer "^5.0.3"
      react-merge-refs "^1.1.0"
      stats.js "^0.17.0"
      suspend-react "^0.0.8"
      three-mesh-bvh "^0.5.23"
      three-stdlib "^2.21.8"
      troika-three-text "^0.47.1"
      utility-types "^3.10.0"
      zustand "^3.5.13"
  
  "@react-three/fiber@8.9":
    version "8.9.2"
    resolved "https://registry.yarnpkg.com/@react-three/fiber/-/fiber-8.9.2.tgz#8a4ea350f057c53850097bd095280924d653bb13"
    integrity sha512-uhDQvxUZ0M2SU/gAtY2tcEaa+Pp9JSDmSzm7Dw6q9/KMReqcImNLjPzkjVsWV5DKP7fELC6c4Bgs9sVIahM6LQ==
    dependencies:
      "@babel/runtime" "^7.17.8"
      "@types/react-reconciler" "^0.26.7"
      its-fine "^1.0.6"
      react-reconciler "^0.27.0"
      react-use-measure "^2.1.1"
      scheduler "^0.21.0"
      suspend-react "^0.0.8"
      zustand "^3.7.1"
  
  "@types/offscreencanvas@^2019.6.4":
    version "2019.7.0"
    resolved "https://registry.yarnpkg.com/@types/offscreencanvas/-/offscreencanvas-2019.7.0.tgz#e4a932069db47bb3eabeb0b305502d01586fa90d"
    integrity sha512-PGcyveRIpL1XIqK8eBsmRBt76eFgtzuPiSTyKHZxnGemp2yzGzWpjYKAfK3wIMiU7eH+851yEpiuP8JZerTmWg==
  
  "@types/prop-types@*":
    version "15.7.5"
    resolved "https://registry.yarnpkg.com/@types/prop-types/-/prop-types-15.7.5.tgz#5f19d2b85a98e9558036f6a3cacc8819420f05cf"
    integrity sha512-JCB8C6SnDoQf0cNycqd/35A7MjcnK+ZTqE7judS6o7utxUCg6imJg3QK2qzHKszlTjcj2cn+NwMB2i96ubpj7w==
  
  "@types/react-dom@^18.0.11":
    version "18.0.11"
    resolved "https://registry.yarnpkg.com/@types/react-dom/-/react-dom-18.0.11.tgz#321351c1459bc9ca3d216aefc8a167beec334e33"
    integrity sha512-O38bPbI2CWtgw/OoQoY+BRelw7uysmXbWvw3nLWO21H1HSh+GOlqPuXshJfjmpNlKiiSDG9cc1JZAaMmVdcTlw==
    dependencies:
      "@types/react" "*"
  
  "@types/react-reconciler@^0.26.7":
    version "0.26.7"
    resolved "https://registry.yarnpkg.com/@types/react-reconciler/-/react-reconciler-0.26.7.tgz#0c4643f30821ae057e401b0d9037e03e8e9b2a36"
    integrity sha512-mBDYl8x+oyPX/VBb3E638N0B7xG+SPk/EAMcVPeexqus/5aTpTphQi0curhhshOqRrc9t6OPoJfEUkbymse/lQ==
    dependencies:
      "@types/react" "*"
  
  "@types/react-reconciler@^0.28.0":
    version "0.28.2"
    resolved "https://registry.yarnpkg.com/@types/react-reconciler/-/react-reconciler-0.28.2.tgz#f16b0e8cc4748af70ca975eaaace0d79582c71fa"
    integrity sha512-8tu6lHzEgYPlfDf/J6GOQdIc+gs+S2yAqlby3zTsB3SP2svlqTYe5fwZNtZyfactP74ShooP2vvi1BOp9ZemWw==
    dependencies:
      "@types/react" "*"
  
  "@types/react@*", "@types/react@^18.0.28":
    version "18.0.28"
    resolved "https://registry.yarnpkg.com/@types/react/-/react-18.0.28.tgz#accaeb8b86f4908057ad629a26635fe641480065"
    integrity sha512-RD0ivG1kEztNBdoAK7lekI9M+azSnitIn85h4iOiaLjaTrMjzslhaqCGaI4IyCJ1RljWiLCEu4jyrLLgqxBTew==
    dependencies:
      "@types/prop-types" "*"
      "@types/scheduler" "*"
      csstype "^3.0.2"
  
  "@types/scheduler@*":
    version "0.16.2"
    resolved "https://registry.yarnpkg.com/@types/scheduler/-/scheduler-0.16.2.tgz#1a62f89525723dde24ba1b01b092bf5df8ad4d39"
    integrity sha512-hppQEBDmlwhFAXKJX2KnWLYu5yMfi91yazPb2l+lbJiwW+wdo1gNeRA+3RgNSO39WYX2euey41KEwnqesU2Jew==
  
  "@use-gesture/core@10.2.24":
    version "10.2.24"
    resolved "https://registry.yarnpkg.com/@use-gesture/core/-/core-10.2.24.tgz#88d13a60954ba62463c774acb92d12bf7b3d810c"
    integrity sha512-ZL7F9mgOn3Qlnp6QLI9jaOfcvqrx6JPE/BkdVSd8imveaFTm/a3udoO6f5Us/1XtqnL4347PsIiK6AtCvMHk2Q==
  
  "@use-gesture/react@^10.2.24":
    version "10.2.24"
    resolved "https://registry.yarnpkg.com/@use-gesture/react/-/react-10.2.24.tgz#bc13780381e786b286f099f69ea3801bb9ed27a5"
    integrity sha512-rAZ8Nnpu1g4eFzqCPlaq+TppJpMy0dTpYOQx5KpfoBF4P3aWnCqwj7eKxcmdIb1NJKpIJj50DPugUH4mq5cpBg==
    dependencies:
      "@use-gesture/core" "10.2.24"
  
  "@webgpu/glslang@^0.0.15":
    version "0.0.15"
    resolved "https://registry.yarnpkg.com/@webgpu/glslang/-/glslang-0.0.15.tgz#f5ccaf6015241e6175f4b90906b053f88483d1f2"
    integrity sha512-niT+Prh3Aff8Uf1MVBVUsaNjFj9rJAKDXuoHIKiQbB+6IUP/3J3JIhBNyZ7lDhytvXxw6ppgnwKZdDJ08UMj4Q==
  
  bidi-js@^1.0.2:
    version "1.0.2"
    resolved "https://registry.yarnpkg.com/bidi-js/-/bidi-js-1.0.2.tgz#1a497a762c2ddea377429d2649c9ce0f8a91527f"
    integrity sha512-rzSy/k7WdX5zOyeHHCOixGXbCHkyogkxPKL2r8QtzHmVQDiWCXUWa18bLdMWT9CYMLOYTjWpTHawuev2ouYJVw==
    dependencies:
      require-from-string "^2.0.2"
  
  camera-controls@^2.3.1:
    version "2.3.1"
    resolved "https://registry.yarnpkg.com/camera-controls/-/camera-controls-2.3.1.tgz#8e8e241fb874ae38b6fa1d22ba445a2e7b3b94ea"
    integrity sha512-mGPDOqCTSUqaeX3yR3bWQ/p1M5CR8C+cnqndBxQugfGKysn1dhRtw8Q6sG1hq4GL8RPsGwRanwQk5zwQjyrxyQ==
  
  chevrotain@^10.1.2:
    version "10.5.0"
    resolved "https://registry.yarnpkg.com/chevrotain/-/chevrotain-10.5.0.tgz#9c1dc62ef0753bb562dbe521b5f72d041bad624e"
    integrity sha512-Pkv5rBY3+CsHOYfV5g/Vs5JY9WTHHDEKOlohI2XeygaZhUeqhAlldZ8Hz9cRmxu709bvS08YzxHdTPHhffc13A==
    dependencies:
      "@chevrotain/cst-dts-gen" "10.5.0"
      "@chevrotain/gast" "10.5.0"
      "@chevrotain/types" "10.5.0"
      "@chevrotain/utils" "10.5.0"
      lodash "4.17.21"
      regexp-to-ast "0.5.0"
  
  csstype@^3.0.2:
    version "3.1.1"
    resolved "https://registry.yarnpkg.com/csstype/-/csstype-3.1.1.tgz#841b532c45c758ee546a11d5bd7b7b473c8c30b9"
    integrity sha512-DJR/VvkAvSZW9bTouZue2sSxDwdTN92uHjqeKVm+0dAqdfNykRzQ95tay8aXMBAAPpUiq4Qcug2L7neoRh2Egw==
  
  debounce@^1.2.1:
    version "1.2.1"
    resolved "https://registry.yarnpkg.com/debounce/-/debounce-1.2.1.tgz#38881d8f4166a5c5848020c11827b834bcb3e0a5"
    integrity sha512-XRRe6Glud4rd/ZGQfiV1ruXSfbvfJedlV9Y6zOlP+2K04vBYiJEte6stfFkCP03aMnY5tsipamumUjL14fofug==
  
  detect-gpu@^5.0.14:
    version "5.0.15"
    resolved "https://registry.yarnpkg.com/detect-gpu/-/detect-gpu-5.0.15.tgz#d375f89b246f21167859efbbd89eff60ccbcfd4d"
    integrity sha512-ImImgPRhTvo/bmtotR1KG534ZE+L6yIV9sMe4y3zOUzeInnYk/9KOBqxz9M5hKkHXhGKKjY04pMrLMb+rp3FWw==
    dependencies:
      webgl-constants "^1.1.1"
  
  draco3d@^1.4.1:
    version "1.5.6"
    resolved "https://registry.yarnpkg.com/draco3d/-/draco3d-1.5.6.tgz#0d570a9792e3a3a9fafbfea065b692940441c626"
    integrity sha512-+3NaRjWktb5r61ZFoDejlykPEFKT5N/LkbXsaddlw6xNSXBanUYpFc2AXXpbJDilPHazcSreU/DpQIaxfX0NfQ==
  
  fflate@^0.6.9:
    version "0.6.10"
    resolved "https://registry.yarnpkg.com/fflate/-/fflate-0.6.10.tgz#5f40f9659205936a2d18abf88b2e7781662b6d43"
    integrity sha512-IQrh3lEPM93wVCEczc9SaAOvkmcoQn/G8Bo1e8ZPlY3X3bnAxWaBdvTdvM1hP62iZp0BXWDy4vTAy4fF0+Dlpg==
  
  glsl-noise@^0.0.0:
    version "0.0.0"
    resolved "https://registry.yarnpkg.com/glsl-noise/-/glsl-noise-0.0.0.tgz#367745f3a33382c0eeec4cb54b7e99cfc1d7670b"
    integrity sha512-b/ZCF6amfAUb7dJM/MxRs7AetQEahYzJ8PtgfrmEdtw6uyGOr+ZSGtgjFm6mfsBkxJ4d2W7kg+Nlqzqvn3Bc0w==
  
  its-fine@^1.0.6:
    version "1.0.10"
    resolved "https://registry.yarnpkg.com/its-fine/-/its-fine-1.0.10.tgz#07d19f7194ca60dd70abeb68614fe81fef235a33"
    integrity sha512-3ZRmDCocq0vmxplC866rEe4PPgOSsuRw90/tvT7nT5QndqIQWsecZPJh75rqSQSn06MxKOjX7rWV/7cFhVsCBg==
    dependencies:
      "@types/react-reconciler" "^0.28.0"
  
  "js-tokens@^3.0.0 || ^4.0.0":
    version "4.0.0"
    resolved "https://registry.yarnpkg.com/js-tokens/-/js-tokens-4.0.0.tgz#19203fb59991df98e3a287050d4647cdeaf32499"
    integrity sha512-RdJUflcE3cUzKiMqQgsCu06FPu9UdIJO0beYbPhHN4k6apgJtifcoCtT9bcxOpYBtpD2kCM6Sbzg4CausW/PKQ==
  
  ktx-parse@^0.4.5:
    version "0.4.5"
    resolved "https://registry.yarnpkg.com/ktx-parse/-/ktx-parse-0.4.5.tgz#79905e22281a9d3e602b2ff522df1ee7d1813aa6"
    integrity sha512-MK3FOody4TXbFf8Yqv7EBbySw7aPvEcPX++Ipt6Sox+/YMFvR5xaTyhfNSk1AEmMy+RYIw81ctN4IMxCB8OAlg==
  
  lodash.clamp@^4.0.3:
    version "4.0.3"
    resolved "https://registry.yarnpkg.com/lodash.clamp/-/lodash.clamp-4.0.3.tgz#5c24bedeeeef0753560dc2b4cb4671f90a6ddfaa"
    integrity sha512-HvzRFWjtcguTW7yd8NJBshuNaCa8aqNFtnswdT7f/cMd/1YKy5Zzoq4W/Oxvnx9l7aeY258uSdDfM793+eLsVg==
  
  lodash.omit@^4.5.0:
    version "4.5.0"
    resolved "https://registry.yarnpkg.com/lodash.omit/-/lodash.omit-4.5.0.tgz#6eb19ae5a1ee1dd9df0b969e66ce0b7fa30b5e60"
    integrity sha512-XeqSp49hNGmlkj2EJlfrQFIzQ6lXdNro9sddtQzcJY8QaoC2GO0DT7xaIokHeyM+mIT0mPMlPvkYzg2xCuHdZg==
  
  lodash.pick@^4.4.0:
    version "4.4.0"
    resolved "https://registry.yarnpkg.com/lodash.pick/-/lodash.pick-4.4.0.tgz#52f05610fff9ded422611441ed1fc123a03001b3"
    integrity sha512-hXt6Ul/5yWjfklSGvLQl8vM//l3FtyHZeuelpzK6mm99pNvN9yTDruNZPEJZD1oWrqo+izBmB7oUfWgcCX7s4Q==
  
  lodash@4.17.21:
    version "4.17.21"
    resolved "https://registry.yarnpkg.com/lodash/-/lodash-4.17.21.tgz#679591c564c3bffaae8454cf0b3df370c3d6911c"
    integrity sha512-v2kDEe57lecTulaDIuNTPy3Ry4gLGJ6Z1O3vE1krgXZNrsQ+LFTGHVxVjcXPs17LhbZVGedAJv8XZ1tvj5FvSg==
  
  loose-envify@^1.1.0, loose-envify@^1.4.0:
    version "1.4.0"
    resolved "https://registry.yarnpkg.com/loose-envify/-/loose-envify-1.4.0.tgz#71ee51fa7be4caec1a63839f7e682d8132d30caf"
    integrity sha512-lyuxPGr/Wfhrlem2CL/UcnUc1zcqKAImBDzukY7Y5F/yQiNdko6+fRLevlw1HgMySw7f611UIY408EtxRSoK3Q==
    dependencies:
      js-tokens "^3.0.0 || ^4.0.0"
  
  maath@^0.5.2:
    version "0.5.2"
    resolved "https://registry.yarnpkg.com/maath/-/maath-0.5.2.tgz#b1adc883360e45eff3041a2bce45f8cdc0cd6d43"
    integrity sha512-MFjfnXF5CzZaVnBuKc9y1FJh/BiPGqf19NH8Jm4o/jKTxuQ3RyPkcSIpuwdDhXrWROVKAxi3KjmHFUNMuIndbg==
  
  meshline@^3.1.6:
    version "3.1.6"
    resolved "https://registry.yarnpkg.com/meshline/-/meshline-3.1.6.tgz#eee67d9b0fd9841652cc1dc2d3833093ae8e68ca"
    integrity sha512-8JZJOdaL5oz3PI/upG8JvP/5FfzYUOhrkJ8np/WKvXzl0/PZ2V9pqTvCIjSKv+w9ccg2xb+yyBhXAwt6ier3ug==
  
  mmd-parser@^1.0.4:
    version "1.0.4"
    resolved "https://registry.yarnpkg.com/mmd-parser/-/mmd-parser-1.0.4.tgz#87cc05782cb5974ca854f0303fc5147bc9d690e7"
    integrity sha512-Qi0VCU46t2IwfGv5KF0+D/t9cizcDug7qnNoy9Ggk7aucp0tssV8IwTMkBlDbm+VqAf3cdQHTCARKSsuS2MYFg==
  
  object-assign@^4.1.1:
    version "4.1.1"
    resolved "https://registry.yarnpkg.com/object-assign/-/object-assign-4.1.1.tgz#2109adc7965887cfc05cbbd442cac8bfbb360863"
    integrity sha512-rJgTQnkUnH1sFw8yT6VSU3zD3sWmu6sZhIseY8VX+GRu3P6F7Fu+JNDoXfklElbLJSnc3FUQHVe4cU5hj+BcUg==
  
  opentype.js@^1.3.3:
    version "1.3.4"
    resolved "https://registry.yarnpkg.com/opentype.js/-/opentype.js-1.3.4.tgz#1c0e72e46288473cc4a4c6a2dc60fd7fe6020d77"
    integrity sha512-d2JE9RP/6uagpQAVtJoF0pJJA/fgai89Cc50Yp0EJHk+eLp6QQ7gBoblsnubRULNY132I0J1QKMJ+JTbMqz4sw==
    dependencies:
      string.prototype.codepointat "^0.2.1"
      tiny-inflate "^1.0.3"
  
  postprocessing@^6.17.1:
    version "6.30.1"
    resolved "https://registry.yarnpkg.com/postprocessing/-/postprocessing-6.30.1.tgz#b1739eb78c26730bb86196f7dc8c759237e660b4"
    integrity sha512-GkBrQtX6KjNz+Pz3+ABvP1aXKCCW7h/tuE37wlM90WZLbaGfJ7eSIBN2gPgKExuK584IPde0YOoNiuWMr7PNCQ==
  
  potpack@^1.0.1:
    version "1.0.2"
    resolved "https://registry.yarnpkg.com/potpack/-/potpack-1.0.2.tgz#23b99e64eb74f5741ffe7656b5b5c4ddce8dfc14"
    integrity sha512-choctRBIV9EMT9WGAZHn3V7t0Z2pMQyl0EZE6pFc/6ml3ssw7Dlf/oAOvFwjm1HVsqfQN8GfeFyJ+d8tRzqueQ==
  
  prop-types@^15.6.0:
    version "15.8.1"
    resolved "https://registry.yarnpkg.com/prop-types/-/prop-types-15.8.1.tgz#67d87bf1a694f48435cf332c24af10214a3140b5"
    integrity sha512-oj87CgZICdulUohogVAR7AjlC0327U4el4L6eAvOqCeudMDVU0NThNaV+b9Df4dXgSP1gXMTnPdhfe/2qDH5cg==
    dependencies:
      loose-envify "^1.4.0"
      object-assign "^4.1.1"
      react-is "^16.13.1"
  
  react-composer@^5.0.3:
    version "5.0.3"
    resolved "https://registry.yarnpkg.com/react-composer/-/react-composer-5.0.3.tgz#7beb9513da5e8687f4f434ea1333ef36a4f3091b"
    integrity sha512-1uWd07EME6XZvMfapwZmc7NgCZqDemcvicRi3wMJzXsQLvZ3L7fTHVyPy1bZdnWXM4iPjYuNE+uJ41MLKeTtnA==
    dependencies:
      prop-types "^15.6.0"
  
  react-dom@^18.2.0:
    version "18.2.0"
    resolved "https://registry.yarnpkg.com/react-dom/-/react-dom-18.2.0.tgz#22aaf38708db2674ed9ada224ca4aa708d821e3d"
    integrity sha512-6IMTriUmvsjHUjNtEDudZfuDQUoWXVxKHhlEGSk81n4YFS+r/Kl99wXiwlVXtPBtJenozv2P+hxDsw9eA7Xo6g==
    dependencies:
      loose-envify "^1.1.0"
      scheduler "^0.23.0"
  
  react-is@^16.13.1:
    version "16.13.1"
    resolved "https://registry.yarnpkg.com/react-is/-/react-is-16.13.1.tgz#789729a4dc36de2999dc156dd6c1d9c18cea56a4"
    integrity sha512-24e6ynE2H+OKt4kqsOvNd8kBpV65zoxbA4BVsEOB3ARVWQki/DHzaUoC5KuON/BiccDaCCTZBuOcfZs70kR8bQ==
  
  react-merge-refs@^1.1.0:
    version "1.1.0"
    resolved "https://registry.yarnpkg.com/react-merge-refs/-/react-merge-refs-1.1.0.tgz#73d88b892c6c68cbb7a66e0800faa374f4c38b06"
    integrity sha512-alTKsjEL0dKH/ru1Iyn7vliS2QRcBp9zZPGoWxUOvRGWPUYgjo+V01is7p04It6KhgrzhJGnIj9GgX8W4bZoCQ==
  
  react-postprocessing@^1.4.0:
    version "1.4.0"
    resolved "https://registry.yarnpkg.com/react-postprocessing/-/react-postprocessing-1.4.0.tgz#caba52f4f6efc839bfbdeed5414f4dd288db0fa4"
    integrity sha512-IcUfFSGigmZ9E8u07A6WgB9uVYpwiFL8Tvycadcbu0vzI0bbqthikoNKD5zDWv0h5mnUu/y95kIDR5AViup0Fw==
    dependencies:
      postprocessing "^6.17.1"
      react-merge-refs "^1.1.0"
  
  react-reconciler@^0.27.0:
    version "0.27.0"
    resolved "https://registry.yarnpkg.com/react-reconciler/-/react-reconciler-0.27.0.tgz#360124fdf2d76447c7491ee5f0e04503ed9acf5b"
    integrity sha512-HmMDKciQjYmBRGuuhIaKA1ba/7a+UsM5FzOZsMO2JYHt9Jh8reCb7j1eDC95NOyUlKM9KRyvdx0flBuDvYSBoA==
    dependencies:
      loose-envify "^1.1.0"
      scheduler "^0.21.0"
  
  react-use-measure@^2.1.1:
    version "2.1.1"
    resolved "https://registry.yarnpkg.com/react-use-measure/-/react-use-measure-2.1.1.tgz#5824537f4ee01c9469c45d5f7a8446177c6cc4ba"
    integrity sha512-nocZhN26cproIiIduswYpV5y5lQpSQS1y/4KuvUCjSKmw7ZWIS/+g3aFnX3WdBkyuGUtTLif3UTqnLLhbDoQig==
    dependencies:
      debounce "^1.2.1"
  
  react@^18.2.0:
    version "18.2.0"
    resolved "https://registry.yarnpkg.com/react/-/react-18.2.0.tgz#555bd98592883255fa00de14f1151a917b5d77d5"
    integrity sha512-/3IjMdb2L9QbBdWiW5e3P2/npwMBaU9mHCSCUzNln0ZCYbcfTsGbTJrU/kGemdH2IWmB2ioZ+zkxtmq6g09fGQ==
    dependencies:
      loose-envify "^1.1.0"
  
  regenerator-runtime@^0.13.11:
    version "0.13.11"
    resolved "https://registry.yarnpkg.com/regenerator-runtime/-/regenerator-runtime-0.13.11.tgz#f6dca3e7ceec20590d07ada785636a90cdca17f9"
    integrity sha512-kY1AZVr2Ra+t+piVaJ4gxaFaReZVH40AKNo7UCX6W+dEwBo/2oZJzqfuN1qLq1oL45o56cPaTXELwrTh8Fpggg==
  
  regexp-to-ast@0.5.0:
    version "0.5.0"
    resolved "https://registry.yarnpkg.com/regexp-to-ast/-/regexp-to-ast-0.5.0.tgz#56c73856bee5e1fef7f73a00f1473452ab712a24"
    integrity sha512-tlbJqcMHnPKI9zSrystikWKwHkBqu2a/Sgw01h3zFjvYrMxEDYHzzoMZnUrbIfpTFEsoRnnviOXNCzFiSc54Qw==
  
  require-from-string@^2.0.2:
    version "2.0.2"
    resolved "https://registry.yarnpkg.com/require-from-string/-/require-from-string-2.0.2.tgz#89a7fdd938261267318eafe14f9c32e598c36909"
    integrity sha512-Xf0nWe6RseziFMu+Ap9biiUbmplq6S9/p+7w7YXP/JBHhrUDDUhwa+vANyubuqfZWTveU//DYVGsDG7RKL/vEw==
  
  scheduler@^0.21.0:
    version "0.21.0"
    resolved "https://registry.yarnpkg.com/scheduler/-/scheduler-0.21.0.tgz#6fd2532ff5a6d877b6edb12f00d8ab7e8f308820"
    integrity sha512-1r87x5fz9MXqswA2ERLo0EbOAU74DpIUO090gIasYTqlVoJeMcl+Z1Rg7WHz+qtPujhS/hGIt9kxZOYBV3faRQ==
    dependencies:
      loose-envify "^1.1.0"
  
  scheduler@^0.23.0:
    version "0.23.0"
    resolved "https://registry.yarnpkg.com/scheduler/-/scheduler-0.23.0.tgz#ba8041afc3d30eb206a487b6b384002e4e61fdfe"
    integrity sha512-CtuThmgHNg7zIZWAXi3AsyIzA3n4xx7aNyjwC2VJldO2LMVDhFK+63xGqq6CsJH4rTAt6/M+N4GhZiDYPx9eUw==
    dependencies:
      loose-envify "^1.1.0"
  
  stats.js@^0.17.0:
    version "0.17.0"
    resolved "https://registry.yarnpkg.com/stats.js/-/stats.js-0.17.0.tgz#b1c3dc46d94498b578b7fd3985b81ace7131cc7d"
    integrity sha512-hNKz8phvYLPEcRkeG1rsGmV5ChMjKDAWU7/OJJdDErPBNChQXxCo3WZurGpnWc6gZhAzEPFad1aVgyOANH1sMw==
  
  string.prototype.codepointat@^0.2.1:
    version "0.2.1"
    resolved "https://registry.yarnpkg.com/string.prototype.codepointat/-/string.prototype.codepointat-0.2.1.tgz#004ad44c8afc727527b108cd462b4d971cd469bc"
    integrity sha512-2cBVCj6I4IOvEnjgO/hWqXjqBGsY+zwPmHl12Srk9IXSZ56Jwwmy+66XO5Iut/oQVR7t5ihYdLB0GMa4alEUcg==
  
  suspend-react@^0.0.8:
    version "0.0.8"
    resolved "https://registry.yarnpkg.com/suspend-react/-/suspend-react-0.0.8.tgz#b0740c1386b4eb652f17affe4339915ee268bd31"
    integrity sha512-ZC3r8Hu1y0dIThzsGw0RLZplnX9yXwfItcvaIzJc2VQVi8TGyGDlu92syMB5ulybfvGLHAI5Ghzlk23UBPF8xg==
  
  three-mesh-bvh@^0.5.23:
    version "0.5.23"
    resolved "https://registry.yarnpkg.com/three-mesh-bvh/-/three-mesh-bvh-0.5.23.tgz#08e5b629144b48b11acbd433519680e457d398ed"
    integrity sha512-nyk+MskdyDgECqkxdv57UjazqqhrMi+Al9PxJN6yFtx1CTW4r0eCQ27FtyYKY5gCIWhxjtNfWYDPVy8lzx6LkA==
  
  three-stdlib@^2.21.8:
    version "2.21.8"
    resolved "https://registry.yarnpkg.com/three-stdlib/-/three-stdlib-2.21.8.tgz#37b11b7f62d07b10742c212153b14db21433b3c6"
    integrity sha512-kqisiKvO4mSy59v5vWqBQSH8famLxp7Z51LxpMJI9GwDxqODaW02rhIwmjYDEzZWNFpjZpoDHVGbdpeHf8h3SA==
    dependencies:
      "@babel/runtime" "^7.16.7"
      "@types/offscreencanvas" "^2019.6.4"
      "@webgpu/glslang" "^0.0.15"
      chevrotain "^10.1.2"
      draco3d "^1.4.1"
      fflate "^0.6.9"
      ktx-parse "^0.4.5"
      mmd-parser "^1.0.4"
      opentype.js "^1.3.3"
      potpack "^1.0.1"
      zstddec "^0.0.2"
  
  three@^0.150.1:
    version "0.150.1"
    resolved "https://registry.yarnpkg.com/three/-/three-0.150.1.tgz#870d324a4d2daf1c7d55be97f3f73d83783e28be"
    integrity sha512-5C1MqKUWaHYo13BX0Q64qcdwImgnnjSOFgBscOzAo8MYCzEtqfQqorEKMcajnA3FHy1yVlIe9AmaMQ0OQracNA==
  
  tiny-inflate@^1.0.3:
    version "1.0.3"
    resolved "https://registry.yarnpkg.com/tiny-inflate/-/tiny-inflate-1.0.3.tgz#122715494913a1805166aaf7c93467933eea26c4"
    integrity sha512-pkY1fj1cKHb2seWDy0B16HeWyczlJA9/WW3u3c4z/NiWDsO3DOU5D7nhTLE9CF0yXv/QZFY7sEJmj24dK+Rrqw==
  
  troika-three-text@^0.47.1:
    version "0.47.1"
    resolved "https://registry.yarnpkg.com/troika-three-text/-/troika-three-text-0.47.1.tgz#4a239b122242d7ea93dbbf66a9f1863eca83d979"
    integrity sha512-/fPRUmxCkXxyUT8k6REC/aWeFzKbNr37ivrkrplSJNb3JcBUXvVt8MT0Ac5wTUvFsYTviYWprYS4/8Laen08WA==
    dependencies:
      bidi-js "^1.0.2"
      troika-three-utils "^0.47.0"
      troika-worker-utils "^0.47.0"
      webgl-sdf-generator "1.1.1"
  
  troika-three-utils@^0.47.0:
    version "0.47.0"
    resolved "https://registry.yarnpkg.com/troika-three-utils/-/troika-three-utils-0.47.0.tgz#4749334ad2ae043767916f79bcc365cbb5ea64b5"
    integrity sha512-yoVTQxVbpQX3a55giIwqwq6hyJA6oYvq7kaNGwFTeicoWmTZCqqTbytafx1gcuL5umrtw5MYgsxYUSOha+xp5w==
  
  troika-worker-utils@^0.47.0:
    version "0.47.0"
    resolved "https://registry.yarnpkg.com/troika-worker-utils/-/troika-worker-utils-0.47.0.tgz#bea382fee55333e177955e7ba6497d64b9d9388d"
    integrity sha512-PSUc9vunDEkbE23jpgXD3PcF96jQHKjgMjS+4o5g6DEK/ZAPTnldb+FNddhppawfUcuraMFrslo0GmIC8UpEmA==
  
  typescript@^4.9.5:
    version "4.9.5"
    resolved "https://registry.yarnpkg.com/typescript/-/typescript-4.9.5.tgz#095979f9bcc0d09da324d58d03ce8f8374cbe65a"
    integrity sha512-1FXk9E2Hm+QzZQ7z+McJiHL4NW1F2EzMu9Nq9i3zAaGqibafqYwCVU6WyWAuyQRRzOlxou8xZSyXLEN8oKj24g==
  
  utility-types@^3.10.0:
    version "3.10.0"
    resolved "https://registry.yarnpkg.com/utility-types/-/utility-types-3.10.0.tgz#ea4148f9a741015f05ed74fd615e1d20e6bed82b"
    integrity sha512-O11mqxmi7wMKCo6HKFt5AhO4BwY3VV68YU07tgxfz8zJTIxr4BpsezN49Ffwy9j3ZpwwJp4fkRwjRzq3uWE6Rg==
  
  webgl-constants@^1.1.1:
    version "1.1.1"
    resolved "https://registry.yarnpkg.com/webgl-constants/-/webgl-constants-1.1.1.tgz#f9633ee87fea56647a60b9ce735cbdfb891c6855"
    integrity sha512-LkBXKjU5r9vAW7Gcu3T5u+5cvSvh5WwINdr0C+9jpzVB41cjQAP5ePArDtk/WHYdVj0GefCgM73BA7FlIiNtdg==
  
  webgl-sdf-generator@1.1.1:
    version "1.1.1"
    resolved "https://registry.yarnpkg.com/webgl-sdf-generator/-/webgl-sdf-generator-1.1.1.tgz#3e1b422b3d87cd3cc77f2602c9db63bc0f6accbd"
    integrity sha512-9Z0JcMTFxeE+b2x1LJTdnaT8rT8aEp7MVxkNwoycNmJWwPdzoXzMh0BjJSh/AEFP+KPYZUli814h8bJZFIZ2jA==
  
  zstddec@^0.0.2:
    version "0.0.2"
    resolved "https://registry.yarnpkg.com/zstddec/-/zstddec-0.0.2.tgz#57e2f28dd1ff56b750e07d158a43f0611ad9eeb4"
    integrity sha512-DCo0oxvcvOTGP/f5FA6tz2Z6wF+FIcEApSTu0zV5sQgn9hoT5lZ9YRAKUraxt9oP7l4e8TnNdi8IZTCX6WCkwA==
  
  zustand@^3.5.13, zustand@^3.7.1:
    version "3.7.2"
    resolved "https://registry.yarnpkg.com/zustand/-/zustand-3.7.2.tgz#7b44c4f4a5bfd7a8296a3957b13e1c346f42514d"
    integrity sha512-PIJDIZKtokhof+9+60cpockVOq05sJzHCriyvaLBmEJixseQ1a5Kdov6fWZfWOu5SK9c+FhH1jU0tntLxRJYMA==
